TN:
SF:src/core/GameManager.ts
FN:23,(anonymous_0)
FN:29,(anonymous_1)
FN:30,(anonymous_2)
FN:44,(anonymous_3)
FN:49,(anonymous_4)
FN:55,(anonymous_5)
FN:59,(anonymous_6)
FN:64,(anonymous_7)
FN:82,(anonymous_8)
FN:95,(anonymous_9)
FN:99,(anonymous_10)
FN:102,(anonymous_11)
FN:103,(anonymous_12)
FN:106,(anonymous_13)
FN:110,(anonymous_14)
FN:113,(anonymous_15)
FN:117,(anonymous_16)
FN:125,(anonymous_17)
FNF:18
FNH:10
FNDA:3,(anonymous_0)
FNDA:3,(anonymous_1)
FNDA:3,(anonymous_2)
FNDA:0,(anonymous_3)
FNDA:3,(anonymous_4)
FNDA:0,(anonymous_5)
FNDA:0,(anonymous_6)
FNDA:3,(anonymous_7)
FNDA:0,(anonymous_8)
FNDA:6,(anonymous_9)
FNDA:0,(anonymous_10)
FNDA:0,(anonymous_11)
FNDA:0,(anonymous_12)
FNDA:6,(anonymous_13)
FNDA:6,(anonymous_14)
FNDA:3,(anonymous_15)
FNDA:6,(anonymous_16)
FNDA:0,(anonymous_17)
DA:16,1
DA:17,3
DA:18,3
DA:19,3
DA:24,3
DA:25,3
DA:26,3
DA:30,3
DA:31,3
DA:33,3
DA:34,3
DA:35,0
DA:36,0
DA:38,0
DA:41,3
DA:44,3
DA:45,0
DA:50,3
DA:51,3
DA:52,3
DA:56,0
DA:58,0
DA:59,0
DA:60,0
DA:61,0
DA:65,3
DA:66,3
DA:68,3
DA:73,3
DA:74,3
DA:75,3
DA:76,0
DA:79,3
DA:83,0
DA:84,0
DA:86,0
DA:87,0
DA:88,0
DA:91,0
DA:92,0
DA:96,6
DA:100,0
DA:101,0
DA:102,0
DA:103,0
DA:107,6
DA:111,6
DA:113,3
DA:117,6
DA:122,6
DA:126,0
LF:51
LH:29
BRDA:34,0,0,0
BRDA:35,1,0,0
BRDA:58,2,0,0
BRDA:58,2,1,0
BRDA:66,3,0,0
BRDA:75,4,0,0
BRDA:84,5,0,0
BRDA:87,6,0,0
BRDA:100,7,0,0
BRDA:100,7,1,0
BRDA:117,8,0,6
BRDA:117,8,1,6
BRF:12
BRH:2
end_of_record
TN:
SF:src/core/Player.ts
FN:13,(anonymous_10)
FN:20,(anonymous_11)
FN:21,(anonymous_12)
FN:25,(anonymous_13)
FN:30,(anonymous_14)
FN:36,(anonymous_15)
FN:40,(anonymous_16)
FN:44,(anonymous_17)
FN:48,(anonymous_18)
FN:52,(anonymous_19)
FN:56,(anonymous_20)
FNF:11
FNH:10
FNDA:11,(anonymous_10)
FNDA:11,(anonymous_11)
FNDA:1,(anonymous_12)
FNDA:0,(anonymous_13)
FNDA:2,(anonymous_14)
FNDA:2,(anonymous_15)
FNDA:3,(anonymous_16)
FNDA:2,(anonymous_17)
FNDA:3,(anonymous_18)
FNDA:2,(anonymous_19)
FNDA:2,(anonymous_20)
DA:3,3
DA:4,3
DA:6,3
DA:9,11
DA:11,11
DA:14,11
DA:15,11
DA:16,11
DA:17,11
DA:21,11
DA:22,1
DA:25,11
DA:26,0
DA:31,2
DA:32,1
DA:37,2
DA:41,3
DA:45,2
DA:49,3
DA:53,2
DA:57,2
DA:58,1
LF:22
LH:21
BRDA:14,0,0,11
BRDA:14,0,1,1
BRDA:31,1,0,1
BRDA:57,2,0,1
BRF:4
BRH:4
end_of_record
TN:
SF:src/core/Table.ts
FN:5,(anonymous_1)
FN:21,(anonymous_2)
FN:34,(anonymous_3)
FN:46,(anonymous_4)
FN:69,(anonymous_5)
FN:94,(anonymous_6)
FN:107,(anonymous_7)
FN:117,(anonymous_8)
FN:121,(anonymous_9)
FN:126,(anonymous_10)
FN:130,(anonymous_11)
FN:134,(anonymous_12)
FN:138,(anonymous_13)
FN:145,(anonymous_14)
FN:149,(anonymous_15)
FN:153,(anonymous_16)
FNF:16
FNH:16
FNDA:2,(anonymous_1)
FNDA:23,(anonymous_2)
FNDA:18,(anonymous_3)
FNDA:3,(anonymous_4)
FNDA:13,(anonymous_5)
FNDA:5,(anonymous_6)
FNDA:13,(anonymous_7)
FNDA:8,(anonymous_8)
FNDA:3,(anonymous_9)
FNDA:7,(anonymous_10)
FNDA:1,(anonymous_11)
FNDA:9,(anonymous_12)
FNDA:1,(anonymous_13)
FNDA:23,(anonymous_14)
FNDA:22,(anonymous_15)
FNDA:2,(anonymous_16)
DA:3,2
DA:5,2
DA:6,2
DA:7,2
DA:8,2
DA:11,2
DA:13,23
DA:16,23
DA:19,23
DA:27,23
DA:28,23
DA:29,23
DA:30,23
DA:31,23
DA:36,18
DA:37,1
DA:40,17
DA:41,17
DA:42,17
DA:43,17
DA:47,3
DA:48,3
DA:51,2
DA:52,4
DA:53,0
DA:57,2
DA:58,2
DA:59,2
DA:62,2
DA:63,1
DA:66,2
DA:71,13
DA:72,2
DA:76,11
DA:77,1
DA:80,10
DA:81,10
DA:84,9
DA:85,9
DA:86,1
DA:89,8
DA:90,8
DA:91,8
DA:95,5
DA:96,2
DA:99,3
DA:100,3
DA:102,2
DA:103,2
DA:104,2
DA:108,13
DA:109,13
DA:110,32
DA:111,6
DA:114,13
DA:118,8
DA:122,3
DA:123,3
DA:127,7
DA:131,1
DA:135,9
DA:139,1
DA:140,1
DA:141,2
DA:146,23
DA:150,22
DA:154,2
LF:67
LH:66
BRDA:5,0,0,2
BRDA:5,0,1,2
BRDA:27,1,0,23
BRDA:27,1,1,5
BRDA:36,2,0,1
BRDA:48,3,0,1
BRDA:52,4,0,0
BRDA:62,5,0,1
BRDA:71,6,0,2
BRDA:71,7,0,13
BRDA:71,7,1,12
BRDA:76,8,0,1
BRDA:81,9,0,1
BRDA:85,10,0,1
BRDA:95,11,0,2
BRDA:95,12,0,5
BRDA:95,12,1,4
BRDA:100,13,0,1
BRDA:110,14,0,6
BRDA:110,15,0,32
BRDA:110,15,1,7
BRF:21
BRH:20
end_of_record
TN:
SF:src/core/TableFactory.ts
FN:7,(anonymous_0)
FN:11,(anonymous_1)
FNF:2
FNH:2
FNDA:3,(anonymous_0)
FNDA:3,(anonymous_1)
DA:2,1
DA:4,1
DA:8,3
DA:12,3
DA:13,3
DA:14,3
LF:6
LH:6
BRF:0
BRH:0
end_of_record
TN:
SF:src/events/EventBus.ts
FN:6,(anonymous_0)
FN:12,(anonymous_1)
FN:16,(anonymous_2)
FN:20,(anonymous_3)
FN:24,(anonymous_4)
FN:28,(anonymous_5)
FNF:6
FNH:6
FNDA:46,(anonymous_0)
FNDA:14,(anonymous_1)
FNDA:1,(anonymous_2)
FNDA:2,(anonymous_3)
FNDA:52,(anonymous_4)
FNDA:4,(anonymous_5)
DA:1,5
DA:3,5
DA:7,46
DA:9,46
DA:13,14
DA:17,1
DA:21,2
DA:25,52
DA:29,4
LF:9
LH:9
BRF:0
BRH:0
end_of_record
TN:
SF:src/events/MessageRouter.ts
FN:14,(anonymous_0)
FN:19,(anonymous_1)
FN:26,(anonymous_2)
FNF:3
FNH:3
FNDA:3,(anonymous_0)
FNDA:1,(anonymous_1)
FNDA:3,(anonymous_2)
DA:10,1
DA:15,3
DA:16,3
DA:23,1
DA:27,3
DA:28,3
DA:31,3
DA:32,0
DA:36,0
DA:40,3
DA:41,3
DA:42,3
DA:43,3
DA:47,0
DA:50,0
DA:51,0
LF:16
LH:11
BRDA:31,0,0,0
BRDA:31,1,0,3
BRDA:31,1,1,3
BRDA:41,2,0,3
BRF:4
BRH:3
end_of_record
TN:
SF:src/transport/implementations/BasicServerTransportModule.ts
FN:9,(anonymous_0)
FN:24,(anonymous_1)
FN:34,(anonymous_2)
FN:45,(anonymous_3)
FN:76,(anonymous_4)
FN:108,(anonymous_5)
FN:135,(anonymous_6)
FN:138,(anonymous_7)
FNF:8
FNH:8
FNDA:13,(anonymous_0)
FNDA:23,(anonymous_1)
FNDA:15,(anonymous_2)
FNDA:11,(anonymous_3)
FNDA:6,(anonymous_4)
FNDA:4,(anonymous_5)
FNDA:10,(anonymous_6)
FNDA:15,(anonymous_7)
DA:9,2
DA:11,13
DA:12,13
DA:26,23
DA:35,15
DA:47,11
DA:48,11
DA:49,1
DA:53,10
DA:56,10
DA:59,10
DA:66,10
DA:78,6
DA:79,6
DA:80,1
DA:84,5
DA:85,1
DA:89,4
DA:90,4
DA:91,2
DA:93,4
DA:96,4
DA:97,4
DA:99,4
DA:110,4
DA:111,4
DA:112,1
DA:116,3
DA:117,1
DA:121,2
DA:122,2
DA:123,1
DA:125,2
DA:127,2
DA:136,10
DA:138,10
DA:139,15
DA:140,10
DA:144,10
LF:39
LH:39
BRDA:26,0,0,23
BRDA:26,0,1,1
BRDA:48,1,0,1
BRDA:79,2,0,1
BRDA:84,3,0,1
BRDA:90,4,0,2
BRDA:96,5,0,4
BRDA:96,5,1,0
BRDA:111,6,0,1
BRDA:116,7,0,1
BRDA:122,8,0,1
BRDA:139,9,0,10
BRF:12
BRH:11
end_of_record
